<?xml version="1.0" encoding="UTF-8"?>
<!-- Generated by org.testng.reporters.JUnitReportReporter -->
<testsuite hostname="DESKTOP-H5ISLJQ" failures="0" tests="1" name="testCase.TC03_AddToCart" time="2.166" errors="0" timestamp="2025-02-06T17:37:46 EST" skipped="0">
  <testcase classname="testCase.TC03_AddToCart" name="addtoCart" time="2.166"/>
</testsuite> <!-- testCase.TC03_AddToCart -->
