<?xml version="1.0" encoding="UTF-8"?>
<!-- Generated by org.testng.reporters.JUnitReportReporter -->
<testsuite hostname="DESKTOP-H5ISLJQ" failures="0" tests="1" name="testCase.TC06_CompletePurchase" time="10.685" errors="0" timestamp="2025-02-11T20:16:13 EST" skipped="0">
  <testcase classname="testCase.TC06_CompletePurchase" name="completepurchase" time="10.685"/>
</testsuite> <!-- testCase.TC06_CompletePurchase -->
