<?xml version="1.0" encoding="UTF-8"?>
<!-- Generated by org.testng.reporters.JUnitReportReporter -->
<testsuite hostname="DESKTOP-H5ISLJQ" failures="0" tests="1" name="testCase.TC02_Login" time="2.269" errors="0" timestamp="2025-02-11T20:15:40 EST" skipped="0">
  <testcase classname="testCase.TC02_Login" name="testlogin" time="2.269"/>
</testsuite> <!-- testCase.TC02_Login -->
