<?xml version="1.0" encoding="UTF-8"?>
<!-- Generated by org.testng.reporters.JUnitReportReporter -->
<testsuite hostname="DESKTOP-H5ISLJQ" failures="0" tests="1" name="testCase.TC05_GiftCertificate" time="2.028" errors="0" timestamp="2025-02-06T17:06:27 EST" skipped="0">
  <testcase classname="testCase.TC05_GiftCertificate" name="giftPurchase" time="2.028"/>
</testsuite> <!-- testCase.TC05_GiftCertificate -->
