<?xml version="1.0" encoding="UTF-8"?>
<!-- Generated by org.testng.reporters.JUnitReportReporter -->
<testsuite hostname="DESKTOP-H5ISLJQ" failures="0" tests="1" name="testCase.TC04_WishList" time="1.711" errors="0" timestamp="2025-02-06T16:11:54 EST" skipped="0">
  <testcase classname="testCase.TC04_WishList" name="addtoWishList" time="1.711"/>
</testsuite> <!-- testCase.TC04_WishList -->
